[debug] [2017-11-27T05:35:53.055Z] ----------------------------------------------------------------------
[debug] [2017-11-27T05:35:53.057Z] Command:       /usr/local/bin/node /usr/local/bin/firebase serve
[debug] [2017-11-27T05:35:53.057Z] CLI Version:   3.15.3
[debug] [2017-11-27T05:35:53.057Z] Platform:      darwin
[debug] [2017-11-27T05:35:53.057Z] Node Version:  v8.9.1
[debug] [2017-11-27T05:35:53.057Z] Time:          Mon Nov 27 2017 14:35:53 GMT+0900 (KST)
[debug] [2017-11-27T05:35:53.058Z] ----------------------------------------------------------------------
[debug] 
[debug] [2017-11-27T05:35:53.069Z] > command requires scopes: ["email","openid","https://www.googleapis.com/auth/cloudplatformprojects.readonly","https://www.googleapis.com/auth/firebase","https://www.googleapis.com/auth/cloud-platform"]
[debug] [2017-11-27T05:35:53.070Z] > authorizing via signed-in user
[debug] [2017-11-27T05:35:53.072Z] >>> HTTP REQUEST GET https://admin.firebase.com/v1/projects/memowebapp-59859  
 Mon Nov 27 2017 14:35:53 GMT+0900 (KST)
[debug] [2017-11-27T05:35:53.986Z] <<< HTTP RESPONSE 200
[debug] [2017-11-27T05:35:53.988Z] >>> HTTP REQUEST GET https://admin.firebase.com/v1/database/memowebapp-59859/tokens  
 Mon Nov 27 2017 14:35:53 GMT+0900 (KST)
[debug] [2017-11-27T05:35:54.705Z] <<< HTTP RESPONSE 200
[info] 
[info] === Serving from '/Users/centell/Documents/workspace/Web/firebase/MemoWeb'...
[info] 
[debug] [2017-11-27T05:35:54.710Z] >>> HTTP REQUEST GET https://cloudresourcemanager.googleapis.com/v1/projects/memowebapp-59859  
 Mon Nov 27 2017 14:35:54 GMT+0900 (KST)
[debug] [2017-11-27T05:35:55.672Z] <<< HTTP RESPONSE 200
[debug] [2017-11-27T05:35:55.673Z] >>> HTTP REQUEST GET https://mobilesdk-pa.googleapis.com/v1/projects/1024147805101/clients/_:getWebAppConfig  
 Mon Nov 27 2017 14:35:55 GMT+0900 (KST)
[debug] [2017-11-27T05:35:57.634Z] <<< HTTP RESPONSE 200
[info] i  hosting: Serving hosting files from: public
[info] ✔  hosting: Local server: http://localhost:5000

